Determining if the Q_WS_WIN exist failed with the following output:
Change Dir: /home/dagothar/gripperz/CMakeFiles/CMakeTmp

Run Build Command:/usr/bin/make "cmTryCompileExec430504961/fast"
/usr/bin/make -f CMakeFiles/cmTryCompileExec430504961.dir/build.make CMakeFiles/cmTryCompileExec430504961.dir/build
make[1]: Entering directory `/home/dagothar/gripperz/CMakeFiles/CMakeTmp'
/usr/bin/cmake -E cmake_progress_report /home/dagothar/gripperz/CMakeFiles/CMakeTmp/CMakeFiles 1
Building CXX object CMakeFiles/cmTryCompileExec430504961.dir/CheckSymbolExists.cxx.o
/usr/bin/g++    -I/usr/include/qt4    -o CMakeFiles/cmTryCompileExec430504961.dir/CheckSymbolExists.cxx.o -c /home/dagothar/gripperz/CMakeFiles/CMakeTmp/CheckSymbolExists.cxx
/home/dagothar/gripperz/CMakeFiles/CMakeTmp/CheckSymbolExists.cxx: In function ‘int main(int, char**)’:
/home/dagothar/gripperz/CMakeFiles/CMakeTmp/CheckSymbolExists.cxx:8:19: error: ‘Q_WS_WIN’ was not declared in this scope
   return ((int*)(&Q_WS_WIN))[argc];
                   ^
make[1]: *** [CMakeFiles/cmTryCompileExec430504961.dir/CheckSymbolExists.cxx.o] Error 1
make[1]: Leaving directory `/home/dagothar/gripperz/CMakeFiles/CMakeTmp'
make: *** [cmTryCompileExec430504961/fast] Error 2

File /home/dagothar/gripperz/CMakeFiles/CMakeTmp/CheckSymbolExists.cxx:
/* */
#include <QtCore/qglobal.h>

int main(int argc, char** argv)
{
  (void)argv;
#ifndef Q_WS_WIN
  return ((int*)(&Q_WS_WIN))[argc];
#else
  (void)argc;
  return 0;
#endif
}

Determining if the Q_WS_QWS exist failed with the following output:
Change Dir: /home/dagothar/gripperz/CMakeFiles/CMakeTmp

Run Build Command:/usr/bin/make "cmTryCompileExec3488683012/fast"
/usr/bin/make -f CMakeFiles/cmTryCompileExec3488683012.dir/build.make CMakeFiles/cmTryCompileExec3488683012.dir/build
make[1]: Entering directory `/home/dagothar/gripperz/CMakeFiles/CMakeTmp'
/usr/bin/cmake -E cmake_progress_report /home/dagothar/gripperz/CMakeFiles/CMakeTmp/CMakeFiles 1
Building CXX object CMakeFiles/cmTryCompileExec3488683012.dir/CheckSymbolExists.cxx.o
/usr/bin/g++    -I/usr/include/qt4    -o CMakeFiles/cmTryCompileExec3488683012.dir/CheckSymbolExists.cxx.o -c /home/dagothar/gripperz/CMakeFiles/CMakeTmp/CheckSymbolExists.cxx
/home/dagothar/gripperz/CMakeFiles/CMakeTmp/CheckSymbolExists.cxx: In function ‘int main(int, char**)’:
/home/dagothar/gripperz/CMakeFiles/CMakeTmp/CheckSymbolExists.cxx:8:19: error: ‘Q_WS_QWS’ was not declared in this scope
   return ((int*)(&Q_WS_QWS))[argc];
                   ^
make[1]: *** [CMakeFiles/cmTryCompileExec3488683012.dir/CheckSymbolExists.cxx.o] Error 1
make[1]: Leaving directory `/home/dagothar/gripperz/CMakeFiles/CMakeTmp'
make: *** [cmTryCompileExec3488683012/fast] Error 2

File /home/dagothar/gripperz/CMakeFiles/CMakeTmp/CheckSymbolExists.cxx:
/* */
#include <QtCore/qglobal.h>

int main(int argc, char** argv)
{
  (void)argv;
#ifndef Q_WS_QWS
  return ((int*)(&Q_WS_QWS))[argc];
#else
  (void)argc;
  return 0;
#endif
}

Determining if the Q_WS_MAC exist failed with the following output:
Change Dir: /home/dagothar/gripperz/CMakeFiles/CMakeTmp

Run Build Command:/usr/bin/make "cmTryCompileExec3235849038/fast"
/usr/bin/make -f CMakeFiles/cmTryCompileExec3235849038.dir/build.make CMakeFiles/cmTryCompileExec3235849038.dir/build
make[1]: Entering directory `/home/dagothar/gripperz/CMakeFiles/CMakeTmp'
/usr/bin/cmake -E cmake_progress_report /home/dagothar/gripperz/CMakeFiles/CMakeTmp/CMakeFiles 1
Building CXX object CMakeFiles/cmTryCompileExec3235849038.dir/CheckSymbolExists.cxx.o
/usr/bin/g++    -I/usr/include/qt4    -o CMakeFiles/cmTryCompileExec3235849038.dir/CheckSymbolExists.cxx.o -c /home/dagothar/gripperz/CMakeFiles/CMakeTmp/CheckSymbolExists.cxx
/home/dagothar/gripperz/CMakeFiles/CMakeTmp/CheckSymbolExists.cxx: In function ‘int main(int, char**)’:
/home/dagothar/gripperz/CMakeFiles/CMakeTmp/CheckSymbolExists.cxx:8:19: error: ‘Q_WS_MAC’ was not declared in this scope
   return ((int*)(&Q_WS_MAC))[argc];
                   ^
make[1]: *** [CMakeFiles/cmTryCompileExec3235849038.dir/CheckSymbolExists.cxx.o] Error 1
make[1]: Leaving directory `/home/dagothar/gripperz/CMakeFiles/CMakeTmp'
make: *** [cmTryCompileExec3235849038/fast] Error 2

File /home/dagothar/gripperz/CMakeFiles/CMakeTmp/CheckSymbolExists.cxx:
/* */
#include <QtCore/qglobal.h>

int main(int argc, char** argv)
{
  (void)argv;
#ifndef Q_WS_MAC
  return ((int*)(&Q_WS_MAC))[argc];
#else
  (void)argc;
  return 0;
#endif
}

